{
  service: 'hospital-erp-backend',
  length: 104,
  name: 'error',
  severity: 'FATAL',
  code: '28P01',
  detail: undefined,
  hint: undefined,
  position: undefined,
  internalPosition: undefined,
  internalQuery: undefined,
  where: undefined,
  schema: undefined,
  table: undefined,
  column: undefined,
  dataType: undefined,
  constraint: undefined,
  file: 'auth.c',
  line: '334',
  routine: 'auth_failed',
  level: 'error',
  message: 'Failed to connect to database: password authentication failed for user "postgres"',
  stack: 'error: password authentication failed for user "postgres"\n' +
    '    at C:\\Users\\elmad\\Desktop\\Hospital_ERP\\node_modules\\pg-pool\\index.js:45:11\n' +
    '    at processTicksAndRejections (node:internal/process/task_queues:95:5)\n' +
    '    at async connectDatabase (C:\\Users\\elmad\\Desktop\\Hospital_ERP\\backend\\src\\config\\database.ts:22:20)\n' +
    '    at async startServer (C:\\Users\\elmad\\Desktop\\Hospital_ERP\\backend\\src\\index.ts:158:5)',
  timestamp: '2025-10-11 15:43:55'
}
{
  service: 'hospital-erp-backend',
  code: 'ECONNREFUSED',
  level: 'error',
  message: 'Redis Client Error:',
  stack: 'AggregateError\n' +
    '    at internalConnectMultiple (node:net:1122:18)\n' +
    '    at afterConnectMultiple (node:net:1689:7)',
  timestamp: '2025-10-11 15:47:37'
}
{
  service: 'hospital-erp-backend',
  code: 'ECONNREFUSED',
  level: 'error',
  message: 'Redis Client Error:',
  stack: 'AggregateError\n' +
    '    at internalConnectMultiple (node:net:1122:18)\n' +
    '    at afterConnectMultiple (node:net:1689:7)',
  timestamp: '2025-10-11 15:47:37'
}
{
  service: 'hospital-erp-backend',
  code: 'ECONNREFUSED',
  level: 'error',
  message: 'Redis Client Error:',
  stack: 'AggregateError\n' +
    '    at internalConnectMultiple (node:net:1122:18)\n' +
    '    at afterConnectMultiple (node:net:1689:7)',
  timestamp: '2025-10-11 15:47:37'
}
{
  service: 'hospital-erp-backend',
  code: 'ECONNREFUSED',
  level: 'error',
  message: 'Redis Client Error:',
  stack: 'AggregateError\n' +
    '    at internalConnectMultiple (node:net:1122:18)\n' +
    '    at afterConnectMultiple (node:net:1689:7)',
  timestamp: '2025-10-11 15:47:38'
}
{
  service: 'hospital-erp-backend',
  code: 'ECONNREFUSED',
  level: 'error',
  message: 'Redis Client Error:',
  stack: 'AggregateError\n' +
    '    at internalConnectMultiple (node:net:1122:18)\n' +
    '    at afterConnectMultiple (node:net:1689:7)',
  timestamp: '2025-10-11 15:47:38'
}
{
  service: 'hospital-erp-backend',
  code: 'ECONNREFUSED',
  level: 'error',
  message: 'Redis Client Error:',
  stack: 'AggregateError\n' +
    '    at internalConnectMultiple (node:net:1122:18)\n' +
    '    at afterConnectMultiple (node:net:1689:7)',
  timestamp: '2025-10-11 15:47:38'
}
{
  service: 'hospital-erp-backend',
  code: 'ECONNREFUSED',
  level: 'error',
  message: 'Redis Client Error:',
  stack: 'AggregateError\n' +
    '    at internalConnectMultiple (node:net:1122:18)\n' +
    '    at afterConnectMultiple (node:net:1689:7)',
  timestamp: '2025-10-11 15:47:38'
}
{
  service: 'hospital-erp-backend',
  code: 'ECONNREFUSED',
  level: 'error',
  message: 'Redis Client Error:',
  stack: 'AggregateError\n' +
    '    at internalConnectMultiple (node:net:1122:18)\n' +
    '    at afterConnectMultiple (node:net:1689:7)',
  timestamp: '2025-10-11 15:47:38'
}
{
  service: 'hospital-erp-backend',
  code: 'ECONNREFUSED',
  level: 'error',
  message: 'Redis Client Error:',
  stack: 'AggregateError\n' +
    '    at internalConnectMultiple (node:net:1122:18)\n' +
    '    at afterConnectMultiple (node:net:1689:7)',
  timestamp: '2025-10-11 15:47:39'
}
{
  service: 'hospital-erp-backend',
  code: 'ECONNREFUSED',
  level: 'error',
  message: 'Redis Client Error:',
  stack: 'AggregateError\n' +
    '    at internalConnectMultiple (node:net:1122:18)\n' +
    '    at afterConnectMultiple (node:net:1689:7)',
  timestamp: '2025-10-11 15:47:39'
}
{
  service: 'hospital-erp-backend',
  code: 'ECONNREFUSED',
  level: 'error',
  message: 'Redis Client Error:',
  stack: 'AggregateError\n' +
    '    at internalConnectMultiple (node:net:1122:18)\n' +
    '    at afterConnectMultiple (node:net:1689:7)',
  timestamp: '2025-10-11 15:47:40'
}
{
  service: 'hospital-erp-backend',
  code: 'ECONNREFUSED',
  level: 'error',
  message: 'Redis Client Error:',
  stack: 'AggregateError\n' +
    '    at internalConnectMultiple (node:net:1122:18)\n' +
    '    at afterConnectMultiple (node:net:1689:7)',
  timestamp: '2025-10-11 15:47:40'
}
{
  service: 'hospital-erp-backend',
  code: 'ECONNREFUSED',
  level: 'error',
  message: 'Redis Client Error:',
  stack: 'AggregateError\n' +
    '    at internalConnectMultiple (node:net:1122:18)\n' +
    '    at afterConnectMultiple (node:net:1689:7)',
  timestamp: '2025-10-11 15:47:41'
}
{
  service: 'hospital-erp-backend',
  code: 'ECONNREFUSED',
  level: 'error',
  message: 'Redis Client Error:',
  stack: 'AggregateError\n' +
    '    at internalConnectMultiple (node:net:1122:18)\n' +
    '    at afterConnectMultiple (node:net:1689:7)',
  timestamp: '2025-10-11 15:47:41'
}
{
  service: 'hospital-erp-backend',
  code: 'ECONNREFUSED',
  level: 'error',
  message: 'Redis Client Error:',
  stack: 'AggregateError\n' +
    '    at internalConnectMultiple (node:net:1122:18)\n' +
    '    at afterConnectMultiple (node:net:1689:7)',
  timestamp: '2025-10-11 15:47:42'
}
{
  service: 'hospital-erp-backend',
  code: 'ECONNREFUSED',
  level: 'error',
  message: 'Redis Client Error:',
  stack: 'AggregateError\n' +
    '    at internalConnectMultiple (node:net:1122:18)\n' +
    '    at afterConnectMultiple (node:net:1689:7)',
  timestamp: '2025-10-11 15:47:42'
}
{
  service: 'hospital-erp-backend',
  code: 'ECONNREFUSED',
  level: 'error',
  message: 'Redis Client Error:',
  stack: 'AggregateError\n' +
    '    at internalConnectMultiple (node:net:1122:18)\n' +
    '    at afterConnectMultiple (node:net:1689:7)',
  timestamp: '2025-10-11 15:47:43'
}
{
  service: 'hospital-erp-backend',
  code: 'ECONNREFUSED',
  level: 'error',
  message: 'Redis Client Error:',
  stack: 'AggregateError\n' +
    '    at internalConnectMultiple (node:net:1122:18)\n' +
    '    at afterConnectMultiple (node:net:1689:7)',
  timestamp: '2025-10-11 15:47:43'
}
{
  service: 'hospital-erp-backend',
  code: 'ECONNREFUSED',
  level: 'error',
  message: 'Redis Client Error:',
  stack: 'AggregateError\n' +
    '    at internalConnectMultiple (node:net:1122:18)\n' +
    '    at afterConnectMultiple (node:net:1689:7)',
  timestamp: '2025-10-11 15:47:44'
}
{
  service: 'hospital-erp-backend',
  code: 'ECONNREFUSED',
  level: 'error',
  message: 'Redis Client Error:',
  stack: 'AggregateError\n' +
    '    at internalConnectMultiple (node:net:1122:18)\n' +
    '    at afterConnectMultiple (node:net:1689:7)',
  timestamp: '2025-10-11 15:47:44'
}
{
  service: 'hospital-erp-backend',
  code: 'ECONNREFUSED',
  level: 'error',
  message: 'Redis Client Error:',
  stack: 'AggregateError\n' +
    '    at internalConnectMultiple (node:net:1122:18)\n' +
    '    at afterConnectMultiple (node:net:1689:7)',
  timestamp: '2025-10-11 15:47:45'
}
{
  service: 'hospital-erp-backend',
  code: 'ECONNREFUSED',
  level: 'error',
  message: 'Redis Client Error:',
  stack: 'AggregateError\n' +
    '    at internalConnectMultiple (node:net:1122:18)\n' +
    '    at afterConnectMultiple (node:net:1689:7)',
  timestamp: '2025-10-11 15:47:45'
}
{
  service: 'hospital-erp-backend',
  code: 'ECONNREFUSED',
  level: 'error',
  message: 'Redis Client Error:',
  stack: 'AggregateError\n' +
    '    at internalConnectMultiple (node:net:1122:18)\n' +
    '    at afterConnectMultiple (node:net:1689:7)',
  timestamp: '2025-10-11 15:47:46'
}
{
  service: 'hospital-erp-backend',
  code: 'ECONNREFUSED',
  level: 'error',
  message: 'Redis Client Error:',
  stack: 'AggregateError\n' +
    '    at internalConnectMultiple (node:net:1122:18)\n' +
    '    at afterConnectMultiple (node:net:1689:7)',
  timestamp: '2025-10-11 15:47:46'
}
{
  service: 'hospital-erp-backend',
  code: 'ECONNREFUSED',
  level: 'error',
  message: 'Redis Client Error:',
  stack: 'AggregateError\n' +
    '    at internalConnectMultiple (node:net:1122:18)\n' +
    '    at afterConnectMultiple (node:net:1689:7)',
  timestamp: '2025-10-11 15:47:47'
}
{
  service: 'hospital-erp-backend',
  code: 'ECONNREFUSED',
  level: 'error',
  message: 'Redis Client Error:',
  stack: 'AggregateError\n' +
    '    at internalConnectMultiple (node:net:1122:18)\n' +
    '    at afterConnectMultiple (node:net:1689:7)',
  timestamp: '2025-10-11 15:47:47'
}
{
  service: 'hospital-erp-backend',
  code: 'ECONNREFUSED',
  level: 'error',
  message: 'Redis Client Error:',
  stack: 'AggregateError\n' +
    '    at internalConnectMultiple (node:net:1122:18)\n' +
    '    at afterConnectMultiple (node:net:1689:7)',
  timestamp: '2025-10-11 15:47:48'
}
{
  service: 'hospital-erp-backend',
  code: 'ECONNREFUSED',
  level: 'error',
  message: 'Redis Client Error:',
  stack: 'AggregateError\n' +
    '    at internalConnectMultiple (node:net:1122:18)\n' +
    '    at afterConnectMultiple (node:net:1689:7)',
  timestamp: '2025-10-11 15:47:48'
}
{
  service: 'hospital-erp-backend',
  code: 'ECONNREFUSED',
  level: 'error',
  message: 'Redis Client Error:',
  stack: 'AggregateError\n' +
    '    at internalConnectMultiple (node:net:1122:18)\n' +
    '    at afterConnectMultiple (node:net:1689:7)',
  timestamp: '2025-10-11 15:47:49'
}
{
  service: 'hospital-erp-backend',
  code: 'ECONNREFUSED',
  level: 'error',
  message: 'Redis Client Error:',
  stack: 'AggregateError\n' +
    '    at internalConnectMultiple (node:net:1122:18)\n' +
    '    at afterConnectMultiple (node:net:1689:7)',
  timestamp: '2025-10-11 15:47:49'
}
{
  service: 'hospital-erp-backend',
  code: 'ECONNREFUSED',
  level: 'error',
  message: 'Redis Client Error:',
  stack: 'AggregateError\n' +
    '    at internalConnectMultiple (node:net:1122:18)\n' +
    '    at afterConnectMultiple (node:net:1689:7)',
  timestamp: '2025-10-11 15:47:50'
}
{
  service: 'hospital-erp-backend',
  code: 'ECONNREFUSED',
  level: 'error',
  message: 'Redis Client Error:',
  stack: 'AggregateError\n' +
    '    at internalConnectMultiple (node:net:1122:18)\n' +
    '    at afterConnectMultiple (node:net:1689:7)',
  timestamp: '2025-10-11 15:47:50'
}
{
  service: 'hospital-erp-backend',
  code: 'ECONNREFUSED',
  level: 'error',
  message: 'Redis Client Error:',
  stack: 'AggregateError\n' +
    '    at internalConnectMultiple (node:net:1122:18)\n' +
    '    at afterConnectMultiple (node:net:1689:7)',
  timestamp: '2025-10-11 15:47:51'
}
{
  service: 'hospital-erp-backend',
  code: 'ECONNREFUSED',
  level: 'error',
  message: 'Redis Client Error:',
  stack: 'AggregateError\n' +
    '    at internalConnectMultiple (node:net:1122:18)\n' +
    '    at afterConnectMultiple (node:net:1689:7)',
  timestamp: '2025-10-11 15:47:52'
}
{
  service: 'hospital-erp-backend',
  code: 'ECONNREFUSED',
  level: 'error',
  message: 'Redis Client Error:',
  stack: 'AggregateError\n' +
    '    at internalConnectMultiple (node:net:1122:18)\n' +
    '    at afterConnectMultiple (node:net:1689:7)',
  timestamp: '2025-10-11 15:47:52'
}
{
  service: 'hospital-erp-backend',
  code: 'ECONNREFUSED',
  level: 'error',
  message: 'Redis Client Error:',
  stack: 'AggregateError\n' +
    '    at internalConnectMultiple (node:net:1122:18)\n' +
    '    at afterConnectMultiple (node:net:1689:7)',
  timestamp: '2025-10-11 15:47:53'
}
{
  service: 'hospital-erp-backend',
  code: 'ECONNREFUSED',
  level: 'error',
  message: 'Redis Client Error:',
  stack: 'AggregateError\n' +
    '    at internalConnectMultiple (node:net:1122:18)\n' +
    '    at afterConnectMultiple (node:net:1689:7)',
  timestamp: '2025-10-11 15:47:53'
}
{
  service: 'hospital-erp-backend',
  code: 'ECONNREFUSED',
  level: 'error',
  message: 'Redis Client Error:',
  stack: 'AggregateError\n' +
    '    at internalConnectMultiple (node:net:1122:18)\n' +
    '    at afterConnectMultiple (node:net:1689:7)',
  timestamp: '2025-10-11 15:47:54'
}
{
  service: 'hospital-erp-backend',
  code: 'ECONNREFUSED',
  level: 'error',
  message: 'Redis Client Error:',
  stack: 'AggregateError\n' +
    '    at internalConnectMultiple (node:net:1122:18)\n' +
    '    at afterConnectMultiple (node:net:1689:7)',
  timestamp: '2025-10-11 15:47:54'
}
{
  service: 'hospital-erp-backend',
  code: 'ECONNREFUSED',
  level: 'error',
  message: 'Redis Client Error:',
  stack: 'AggregateError\n' +
    '    at internalConnectMultiple (node:net:1122:18)\n' +
    '    at afterConnectMultiple (node:net:1689:7)',
  timestamp: '2025-10-11 15:47:55'
}
{
  service: 'hospital-erp-backend',
  code: 'ECONNREFUSED',
  level: 'error',
  message: 'Redis Client Error:',
  stack: 'AggregateError\n' +
    '    at internalConnectMultiple (node:net:1122:18)\n' +
    '    at afterConnectMultiple (node:net:1689:7)',
  timestamp: '2025-10-11 15:47:55'
}
{
  service: 'hospital-erp-backend',
  code: 'ECONNREFUSED',
  level: 'error',
  message: 'Redis Client Error:',
  stack: 'AggregateError\n' +
    '    at internalConnectMultiple (node:net:1122:18)\n' +
    '    at afterConnectMultiple (node:net:1689:7)',
  timestamp: '2025-10-11 15:47:56'
}
{
  service: 'hospital-erp-backend',
  code: 'ECONNREFUSED',
  level: 'error',
  message: 'Redis Client Error:',
  stack: 'AggregateError\n' +
    '    at internalConnectMultiple (node:net:1122:18)\n' +
    '    at afterConnectMultiple (node:net:1689:7)',
  timestamp: '2025-10-11 15:47:56'
}
{
  service: 'hospital-erp-backend',
  code: 'ECONNREFUSED',
  level: 'error',
  message: 'Redis Client Error:',
  stack: 'AggregateError\n' +
    '    at internalConnectMultiple (node:net:1122:18)\n' +
    '    at afterConnectMultiple (node:net:1689:7)',
  timestamp: '2025-10-11 15:47:57'
}
{
  service: 'hospital-erp-backend',
  code: 'ECONNREFUSED',
  level: 'error',
  message: 'Redis Client Error:',
  stack: 'AggregateError\n' +
    '    at internalConnectMultiple (node:net:1122:18)\n' +
    '    at afterConnectMultiple (node:net:1689:7)',
  timestamp: '2025-10-11 15:47:57'
}
{
  service: 'hospital-erp-backend',
  code: 'ECONNREFUSED',
  level: 'error',
  message: 'Redis Client Error:',
  stack: 'AggregateError\n' +
    '    at internalConnectMultiple (node:net:1122:18)\n' +
    '    at afterConnectMultiple (node:net:1689:7)',
  timestamp: '2025-10-11 15:47:58'
}
{
  service: 'hospital-erp-backend',
  code: 'ECONNREFUSED',
  level: 'error',
  message: 'Redis Client Error:',
  stack: 'AggregateError\n' +
    '    at internalConnectMultiple (node:net:1122:18)\n' +
    '    at afterConnectMultiple (node:net:1689:7)',
  timestamp: '2025-10-11 15:47:58'
}
{
  service: 'hospital-erp-backend',
  code: 'ECONNREFUSED',
  level: 'error',
  message: 'Redis Client Error:',
  stack: 'AggregateError\n' +
    '    at internalConnectMultiple (node:net:1122:18)\n' +
    '    at afterConnectMultiple (node:net:1689:7)',
  timestamp: '2025-10-11 15:47:59'
}
{
  service: 'hospital-erp-backend',
  code: 'ECONNREFUSED',
  level: 'error',
  message: 'Redis Client Error:',
  stack: 'AggregateError\n' +
    '    at internalConnectMultiple (node:net:1122:18)\n' +
    '    at afterConnectMultiple (node:net:1689:7)',
  timestamp: '2025-10-11 15:47:59'
}
{
  service: 'hospital-erp-backend',
  code: 'ECONNREFUSED',
  level: 'error',
  message: 'Redis Client Error:',
  stack: 'AggregateError\n' +
    '    at internalConnectMultiple (node:net:1122:18)\n' +
    '    at afterConnectMultiple (node:net:1689:7)',
  timestamp: '2025-10-11 15:48:00'
}
{
  service: 'hospital-erp-backend',
  code: 'ECONNREFUSED',
  level: 'error',
  message: 'Redis Client Error:',
  stack: 'AggregateError\n' +
    '    at internalConnectMultiple (node:net:1122:18)\n' +
    '    at afterConnectMultiple (node:net:1689:7)',
  timestamp: '2025-10-11 15:48:00'
}
{
  service: 'hospital-erp-backend',
  code: 'ECONNREFUSED',
  level: 'error',
  message: 'Redis Client Error:',
  stack: 'AggregateError\n' +
    '    at internalConnectMultiple (node:net:1122:18)\n' +
    '    at afterConnectMultiple (node:net:1689:7)',
  timestamp: '2025-10-11 15:48:01'
}
{
  service: 'hospital-erp-backend',
  code: 'ECONNREFUSED',
  level: 'error',
  message: 'Redis Client Error:',
  stack: 'AggregateError\n' +
    '    at internalConnectMultiple (node:net:1122:18)\n' +
    '    at afterConnectMultiple (node:net:1689:7)',
  timestamp: '2025-10-11 15:48:01'
}
{
  service: 'hospital-erp-backend',
  code: 'ECONNREFUSED',
  level: 'error',
  message: 'Redis Client Error:',
  stack: 'AggregateError\n' +
    '    at internalConnectMultiple (node:net:1122:18)\n' +
    '    at afterConnectMultiple (node:net:1689:7)',
  timestamp: '2025-10-11 15:48:02'
}
{
  service: 'hospital-erp-backend',
  code: 'ECONNREFUSED',
  level: 'error',
  message: 'Redis Client Error:',
  stack: 'AggregateError\n' +
    '    at internalConnectMultiple (node:net:1122:18)\n' +
    '    at afterConnectMultiple (node:net:1689:7)',
  timestamp: '2025-10-11 15:48:02'
}
{
  service: 'hospital-erp-backend',
  code: 'ECONNREFUSED',
  level: 'error',
  message: 'Redis Client Error:',
  stack: 'AggregateError\n' +
    '    at internalConnectMultiple (node:net:1122:18)\n' +
    '    at afterConnectMultiple (node:net:1689:7)',
  timestamp: '2025-10-11 15:48:03'
}
{
  service: 'hospital-erp-backend',
  code: 'ECONNREFUSED',
  level: 'error',
  message: 'Redis Client Error:',
  stack: 'AggregateError\n' +
    '    at internalConnectMultiple (node:net:1122:18)\n' +
    '    at afterConnectMultiple (node:net:1689:7)',
  timestamp: '2025-10-11 15:48:03'
}
{
  service: 'hospital-erp-backend',
  code: 'ECONNREFUSED',
  level: 'error',
  message: 'Redis Client Error:',
  stack: 'AggregateError\n' +
    '    at internalConnectMultiple (node:net:1122:18)\n' +
    '    at afterConnectMultiple (node:net:1689:7)',
  timestamp: '2025-10-11 15:48:04'
}
{
  service: 'hospital-erp-backend',
  code: 'ECONNREFUSED',
  level: 'error',
  message: 'Redis Client Error:',
  stack: 'AggregateError\n' +
    '    at internalConnectMultiple (node:net:1122:18)\n' +
    '    at afterConnectMultiple (node:net:1689:7)',
  timestamp: '2025-10-11 15:48:14'
}
{
  service: 'hospital-erp-backend',
  level: 'error',
  message: 'Login error: Database not initialized. Call connectDatabase() first.',
  stack: 'Error: Database not initialized. Call connectDatabase() first.\n' +
    '    at getDatabase (C:\\Users\\elmad\\Desktop\\Hospital_ERP\\backend\\src\\config\\database.ts:36:11)\n' +
    '    at login (C:\\Users\\elmad\\Desktop\\Hospital_ERP\\backend\\src\\controllers\\authController.ts:162:27)\n' +
    '    at C:\\Users\\elmad\\Desktop\\Hospital_ERP\\backend\\src\\middleware\\errorHandler.ts:76:21\n' +
    '    at Layer.handle [as handle_request] (C:\\Users\\elmad\\Desktop\\Hospital_ERP\\node_modules\\express\\lib\\router\\layer.js:95:5)\n' +
    '    at next (C:\\Users\\elmad\\Desktop\\Hospital_ERP\\node_modules\\express\\lib\\router\\route.js:149:13)\n' +
    '    at C:\\Users\\elmad\\Desktop\\Hospital_ERP\\backend\\src\\middleware\\logging.ts:191:5\n' +
    '    at Layer.handle [as handle_request] (C:\\Users\\elmad\\Desktop\\Hospital_ERP\\node_modules\\express\\lib\\router\\layer.js:95:5)\n' +
    '    at next (C:\\Users\\elmad\\Desktop\\Hospital_ERP\\node_modules\\express\\lib\\router\\route.js:149:13)\n' +
    '    at apiUsageLogger (C:\\Users\\elmad\\Desktop\\Hospital_ERP\\backend\\src\\middleware\\logging.ts:231:3)\n' +
    '    at Layer.handle [as handle_request] (C:\\Users\\elmad\\Desktop\\Hospital_ERP\\node_modules\\express\\lib\\router\\layer.js:95:5)',
  timestamp: '2025-10-11 15:55:09'
}
{
  service: 'hospital-erp-backend',
  message: 'Error occurred: Database not initialized. Call connectDatabase() first.',
  stack: 'Error: Database not initialized. Call connectDatabase() first.\n' +
    '    at getDatabase (C:\\Users\\elmad\\Desktop\\Hospital_ERP\\backend\\src\\config\\database.ts:36:11)\n' +
    '    at login (C:\\Users\\elmad\\Desktop\\Hospital_ERP\\backend\\src\\controllers\\authController.ts:162:27)\n' +
    '    at C:\\Users\\elmad\\Desktop\\Hospital_ERP\\backend\\src\\middleware\\errorHandler.ts:76:21\n' +
    '    at Layer.handle [as handle_request] (C:\\Users\\elmad\\Desktop\\Hospital_ERP\\node_modules\\express\\lib\\router\\layer.js:95:5)\n' +
    '    at next (C:\\Users\\elmad\\Desktop\\Hospital_ERP\\node_modules\\express\\lib\\router\\route.js:149:13)\n' +
    '    at C:\\Users\\elmad\\Desktop\\Hospital_ERP\\backend\\src\\middleware\\logging.ts:191:5\n' +
    '    at Layer.handle [as handle_request] (C:\\Users\\elmad\\Desktop\\Hospital_ERP\\node_modules\\express\\lib\\router\\layer.js:95:5)\n' +
    '    at next (C:\\Users\\elmad\\Desktop\\Hospital_ERP\\node_modules\\express\\lib\\router\\route.js:149:13)\n' +
    '    at apiUsageLogger (C:\\Users\\elmad\\Desktop\\Hospital_ERP\\backend\\src\\middleware\\logging.ts:231:3)\n' +
    '    at Layer.handle [as handle_request] (C:\\Users\\elmad\\Desktop\\Hospital_ERP\\node_modules\\express\\lib\\router\\layer.js:95:5)',
  url: '/api/auth/login',
  method: 'POST',
  ip: '::1',
  userAgent: 'Mozilla/5.0 (Windows NT; Windows NT 10.0; en-US) WindowsPowerShell/5.1.26100.6584',
  userId: undefined,
  level: 'error',
  timestamp: '2025-10-11 15:55:09'
}
